  Demo.cpp
C:\Users\Irfan Ardiansyah\OneDrive\TIF\GK\FP\Grafika Komputer dan Visualisasi\Grafika Komputer dan Visualisasi\vs\Lesson09\Demo.cpp(225,43): warning C4244: 'argument': conversion from 'int' to 'float', possible loss of data
C:\Users\Irfan Ardiansyah\OneDrive\TIF\GK\FP\Grafika Komputer dan Visualisasi\Grafika Komputer dan Visualisasi\vs\Lesson09\Demo.cpp(228,43): warning C4244: 'argument': conversion from 'int' to 'float', possible loss of data
C:\Users\Irfan Ardiansyah\OneDrive\TIF\GK\FP\Grafika Komputer dan Visualisasi\Grafika Komputer dan Visualisasi\vs\Lesson09\Demo.cpp(231,43): warning C4244: 'argument': conversion from 'int' to 'float', possible loss of data
C:\Users\Irfan Ardiansyah\OneDrive\TIF\GK\FP\Grafika Komputer dan Visualisasi\Grafika Komputer dan Visualisasi\vs\Lesson09\Demo.cpp(316,44): warning C4244: 'argument': conversion from 'int' to 'float', possible loss of data
C:\Users\Irfan Ardiansyah\OneDrive\TIF\GK\FP\Grafika Komputer dan Visualisasi\Grafika Komputer dan Visualisasi\vs\Lesson09\Demo.cpp(323,44): warning C4244: 'argument': conversion from 'int' to 'float', possible loss of data
C:\Users\Irfan Ardiansyah\OneDrive\TIF\GK\FP\Grafika Komputer dan Visualisasi\Grafika Komputer dan Visualisasi\vs\Lesson09\Demo.cpp(330,44): warning C4244: 'argument': conversion from 'int' to 'float', possible loss of data
C:\Users\Irfan Ardiansyah\OneDrive\TIF\GK\FP\Grafika Komputer dan Visualisasi\Grafika Komputer dan Visualisasi\vs\Lesson09\Demo.cpp(792,43): warning C4305: 'argument': truncation from 'double' to 'GLfloat'
C:\Users\Irfan Ardiansyah\OneDrive\TIF\GK\FP\Grafika Komputer dan Visualisasi\Grafika Komputer dan Visualisasi\vs\Lesson09\Demo.cpp(808,43): warning C4305: 'argument': truncation from 'double' to 'GLfloat'
C:\Users\Irfan Ardiansyah\OneDrive\TIF\GK\FP\Grafika Komputer dan Visualisasi\Grafika Komputer dan Visualisasi\vs\Lesson09\Demo.cpp(826,55): warning C4305: 'argument': truncation from 'double' to 'GLfloat'
C:\Users\Irfan Ardiansyah\OneDrive\TIF\GK\FP\Grafika Komputer dan Visualisasi\Grafika Komputer dan Visualisasi\vs\Lesson09\Demo.cpp(829,54): warning C4305: 'argument': truncation from 'double' to 'GLfloat'
C:\Users\Irfan Ardiansyah\OneDrive\TIF\GK\FP\Grafika Komputer dan Visualisasi\Grafika Komputer dan Visualisasi\vs\Lesson09\Demo.cpp(833,55): warning C4305: 'argument': truncation from 'double' to 'GLfloat'
C:\Users\Irfan Ardiansyah\OneDrive\TIF\GK\FP\Grafika Komputer dan Visualisasi\Grafika Komputer dan Visualisasi\vs\Lesson09\Demo.cpp(836,54): warning C4305: 'argument': truncation from 'double' to 'GLfloat'
C:\Users\Irfan Ardiansyah\OneDrive\TIF\GK\FP\Grafika Komputer dan Visualisasi\Grafika Komputer dan Visualisasi\vs\Lesson09\Demo.cpp(949,43): warning C4305: 'argument': truncation from 'double' to 'GLfloat'
C:\Users\Irfan Ardiansyah\OneDrive\TIF\GK\FP\Grafika Komputer dan Visualisasi\Grafika Komputer dan Visualisasi\vs\Lesson09\Demo.cpp(1194,48): warning C4305: 'argument': truncation from 'double' to 'GLfloat'
C:\Users\Irfan Ardiansyah\OneDrive\TIF\GK\FP\Grafika Komputer dan Visualisasi\Grafika Komputer dan Visualisasi\vs\Lesson09\Demo.cpp(1363,15): warning C4244: 'initializing': conversion from 'int' to 'float', possible loss of data
C:\Users\Irfan Ardiansyah\OneDrive\TIF\GK\FP\Grafika Komputer dan Visualisasi\Grafika Komputer dan Visualisasi\vs\Lesson09\Demo.cpp(1364,15): warning C4244: 'initializing': conversion from 'int' to 'float', possible loss of data
LINK : warning LNK4098: defaultlib 'MSVCRT' conflicts with use of other libs; use /NODEFAULTLIB:library
SOIL.lib(image_DXT.obj) : warning LNK4099: PDB 'vc110.pdb' was not found with 'SOIL.lib(image_DXT.obj)' or at 'C:\Users\Irfan Ardiansyah\OneDrive\TIF\GK\FP\Grafika Komputer dan Visualisasi\Grafika Komputer dan Visualisasi\vs\Debug\vc110.pdb'; linking object as if no debug info
SOIL.lib(image_helper.obj) : warning LNK4099: PDB 'vc110.pdb' was not found with 'SOIL.lib(image_helper.obj)' or at 'C:\Users\Irfan Ardiansyah\OneDrive\TIF\GK\FP\Grafika Komputer dan Visualisasi\Grafika Komputer dan Visualisasi\vs\Debug\vc110.pdb'; linking object as if no debug info
SOIL.lib(SOIL.obj) : warning LNK4099: PDB 'vc110.pdb' was not found with 'SOIL.lib(SOIL.obj)' or at 'C:\Users\Irfan Ardiansyah\OneDrive\TIF\GK\FP\Grafika Komputer dan Visualisasi\Grafika Komputer dan Visualisasi\vs\Debug\vc110.pdb'; linking object as if no debug info
SOIL.lib(stb_image_aug.obj) : warning LNK4099: PDB 'vc110.pdb' was not found with 'SOIL.lib(stb_image_aug.obj)' or at 'C:\Users\Irfan Ardiansyah\OneDrive\TIF\GK\FP\Grafika Komputer dan Visualisasi\Grafika Komputer dan Visualisasi\vs\Debug\vc110.pdb'; linking object as if no debug info
  Lesson09.vcxproj -> C:\Users\Irfan Ardiansyah\OneDrive\TIF\GK\FP\Grafika Komputer dan Visualisasi\Grafika Komputer dan Visualisasi\vs\Debug\Lesson09.exe
